<?xml version="1.0" encoding="UTF-8"?>
<testng-results skipped="0" failed="0" total="4" passed="4">
  <reporter-output>
  </reporter-output>
  <suite name="Default suite" duration-ms="9799" started-at="2014-08-03T15:46:30Z" finished-at="2014-08-03T15:46:40Z">
    <groups>
    </groups>
    <test name="Default test" duration-ms="9799" started-at="2014-08-03T15:46:30Z" finished-at="2014-08-03T15:46:40Z">
      <class name="com.example.tests.GroupCreationTests">
        <test-method status="PASS" signature="setUp()[pri:0, instance:com.example.tests.GroupCreationTests@36b98809]" name="setUp" is-config="true" duration-ms="5134" started-at="2014-08-03T19:46:30Z" finished-at="2014-08-03T19:46:35Z">
          <reporter-output>
          </reporter-output>
        </test-method> <!-- setUp -->
        <test-method status="PASS" signature="testEmptyGroupCreation()[pri:0, instance:com.example.tests.GroupCreationTests@36b98809]" name="testEmptyGroupCreation" duration-ms="1248" started-at="2014-08-03T19:46:35Z" finished-at="2014-08-03T19:46:36Z">
          <reporter-output>
          </reporter-output>
        </test-method> <!-- testEmptyGroupCreation -->
        <test-method status="PASS" signature="testNonEmptyGroupCreation()[pri:0, instance:com.example.tests.GroupCreationTests@36b98809]" name="testNonEmptyGroupCreation" duration-ms="1092" started-at="2014-08-03T19:46:36Z" finished-at="2014-08-03T19:46:37Z">
          <reporter-output>
          </reporter-output>
        </test-method> <!-- testNonEmptyGroupCreation -->
        <test-method status="PASS" signature="tearDown()[pri:0, instance:com.example.tests.GroupCreationTests@36b98809]" name="tearDown" is-config="true" duration-ms="219" started-at="2014-08-03T19:46:39Z" finished-at="2014-08-03T19:46:40Z">
          <reporter-output>
          </reporter-output>
        </test-method> <!-- tearDown -->
      </class> <!-- com.example.tests.GroupCreationTests -->
      <class name="com.example.tests.AlsoGroupCreationTests">
        <test-method status="PASS" signature="testEmptyGroupCreation()[pri:0, instance:com.example.tests.AlsoGroupCreationTests@527308ce]" name="testEmptyGroupCreation" duration-ms="998" started-at="2014-08-03T19:46:37Z" finished-at="2014-08-03T19:46:38Z">
          <reporter-output>
          </reporter-output>
        </test-method> <!-- testEmptyGroupCreation -->
        <test-method status="PASS" signature="testNonEmptyGroupCreation()[pri:0, instance:com.example.tests.AlsoGroupCreationTests@527308ce]" name="testNonEmptyGroupCreation" duration-ms="1092" started-at="2014-08-03T19:46:38Z" finished-at="2014-08-03T19:46:39Z">
          <reporter-output>
          </reporter-output>
        </test-method> <!-- testNonEmptyGroupCreation -->
      </class> <!-- com.example.tests.AlsoGroupCreationTests -->
    </test> <!-- Default test -->
  </suite> <!-- Default suite -->
</testng-results>
