<?xml version="1.0" encoding="UTF-8"?>
<testng-results skipped="0" failed="0" total="4" passed="4">
  <reporter-output>
  </reporter-output>
  <suite name="Default suite" duration-ms="12825" started-at="2014-08-05T21:56:03Z" finished-at="2014-08-05T21:56:16Z">
    <groups>
    </groups>
    <test name="Default test" duration-ms="12825" started-at="2014-08-05T21:56:03Z" finished-at="2014-08-05T21:56:16Z">
      <class name="com.example.tests.GroupCreationTests">
        <test-method status="PASS" signature="setUp()[pri:0, instance:com.example.tests.GroupCreationTests@336f356c]" name="setUp" is-config="true" duration-ms="5618" started-at="2014-08-06T01:56:03Z" finished-at="2014-08-06T01:56:09Z">
          <reporter-output>
          </reporter-output>
        </test-method> <!-- setUp -->
        <test-method status="PASS" signature="testEmptyGroupCreation()[pri:0, instance:com.example.tests.GroupCreationTests@336f356c]" name="testEmptyGroupCreation" duration-ms="1404" started-at="2014-08-06T01:56:09Z" finished-at="2014-08-06T01:56:10Z">
          <reporter-output>
          </reporter-output>
        </test-method> <!-- testEmptyGroupCreation -->
        <test-method status="PASS" signature="testNonEmptyGroupCreation()[pri:0, instance:com.example.tests.GroupCreationTests@336f356c]" name="testNonEmptyGroupCreation" duration-ms="1248" started-at="2014-08-06T01:56:10Z" finished-at="2014-08-06T01:56:11Z">
          <reporter-output>
          </reporter-output>
        </test-method> <!-- testNonEmptyGroupCreation -->
        <test-method status="PASS" signature="tearDown()[pri:0, instance:com.example.tests.GroupCreationTests@336f356c]" name="tearDown" is-config="true" duration-ms="312" started-at="2014-08-06T01:56:16Z" finished-at="2014-08-06T01:56:16Z">
          <reporter-output>
          </reporter-output>
        </test-method> <!-- tearDown -->
      </class> <!-- com.example.tests.GroupCreationTests -->
      <class name="com.example.tests.ContactCreationTests">
        <test-method status="PASS" signature="testContactCreation()[pri:0, instance:com.example.tests.ContactCreationTests@4a3e91e7]" name="testContactCreation" duration-ms="2278" started-at="2014-08-06T01:56:11Z" finished-at="2014-08-06T01:56:14Z">
          <reporter-output>
          </reporter-output>
        </test-method> <!-- testContactCreation -->
        <test-method status="PASS" signature="testEmptyContactCreation()[pri:0, instance:com.example.tests.ContactCreationTests@4a3e91e7]" name="testEmptyContactCreation" duration-ms="1950" started-at="2014-08-06T01:56:14Z" finished-at="2014-08-06T01:56:16Z">
          <reporter-output>
          </reporter-output>
        </test-method> <!-- testEmptyContactCreation -->
      </class> <!-- com.example.tests.ContactCreationTests -->
    </test> <!-- Default test -->
  </suite> <!-- Default suite -->
</testng-results>
