<?xml version="1.0" encoding="UTF-8"?>
<!-- Generated by org.testng.reporters.JUnitXMLReporter -->
<testsuite hostname="vAdminPC" name="Default test" tests="4" failures="0" timestamp="5 Aug 2014 21:56:16 GMT" time="12.825" errors="0">
  <testcase name="testEmptyGroupCreation" time="1.404" classname="com.example.tests.GroupCreationTests"/>
  <testcase name="testNonEmptyGroupCreation" time="1.248" classname="com.example.tests.GroupCreationTests"/>
  <testcase name="testContactCreation" time="2.278" classname="com.example.tests.ContactCreationTests"/>
  <testcase name="testEmptyContactCreation" time="1.95" classname="com.example.tests.ContactCreationTests"/>
</testsuite> <!-- Default test -->
