<?xml version="1.0" encoding="UTF-8"?>
<!-- Generated by org.testng.reporters.JUnitXMLReporter -->
<testsuite hostname="vAdminPC" name="Default test" tests="4" failures="0" timestamp="3 Aug 2014 15:46:40 GMT" time="9.799" errors="0">
  <testcase name="testEmptyGroupCreation" time="1.248" classname="com.example.tests.GroupCreationTests"/>
  <testcase name="testNonEmptyGroupCreation" time="1.092" classname="com.example.tests.GroupCreationTests"/>
  <testcase name="testEmptyGroupCreation" time="0.998" classname="com.example.tests.AlsoGroupCreationTests"/>
  <testcase name="testNonEmptyGroupCreation" time="1.092" classname="com.example.tests.AlsoGroupCreationTests"/>
</testsuite> <!-- Default test -->
